{"/workspace/cbd8a08b-d903-418b-a728-2c3ae1b7016b/backend/src/health.controller.ts": {"path":"/workspace/cbd8a08b-d903-418b-a728-2c3ae1b7016b/backend/src/health.controller.ts","statementMap":{"0":{"start":{"line":3,"column":27},"end":{"line":9,"column":1}},"1":{"start":{"line":4,"column":2},"end":{"line":8,"column":5}},"2":{"start":{"line":3,"column":13},"end":{"line":3,"column":27}}},"fnMap":{"0":{"name":"(anonymous_0)","decl":{"start":{"line":3,"column":27},"end":{"line":3,"column":28}},"loc":{"start":{"line":3,"column":59},"end":{"line":9,"column":1}}}},"branchMap":{},"s":{"0":2,"1":4,"2":2},"f":{"0":4},"b":{}}
}
